<?xml version="1.0" encoding="UTF-8"?>
<testng-results skipped="0" failed="0" ignored="0" total="1" passed="1">
  <reporter-output>
  </reporter-output>
  <suite name="Default suite" duration-ms="12790" started-at="2019-09-07T10:53:57Z" finished-at="2019-09-07T10:54:09Z">
    <groups>
    </groups>
    <test name="Default test" duration-ms="12790" started-at="2019-09-07T10:53:57Z" finished-at="2019-09-07T10:54:09Z">
      <class name="com.Eservices.Tests.LoginTest">
        <test-method status="PASS" signature="setup()[pri:0, instance:com.Eservices.Tests.LoginTest@224edc67]" name="setup" is-config="true" duration-ms="11712" started-at="2019-09-07T10:53:57Z" finished-at="2019-09-07T10:54:08Z">
          <reporter-output>
          </reporter-output>
        </test-method> <!-- setup -->
        <test-method status="PASS" signature="Getdetails()[pri:0, instance:com.Eservices.Tests.LoginTest@224edc67]" name="Getdetails" duration-ms="1061" started-at="2019-09-07T10:54:08Z" finished-at="2019-09-07T10:54:09Z">
          <reporter-output>
          </reporter-output>
        </test-method> <!-- Getdetails -->
      </class> <!-- com.Eservices.Tests.LoginTest -->
    </test> <!-- Default test -->
  </suite> <!-- Default suite -->
</testng-results>
